<?xml version="1.0" encoding="UTF-8"?>
<robot generator="Robot 6.0.2 (Python 3.11.1 on win32)" generated="20230520 22:29:54.695" rpa="false" schemaversion="3">
<suite id="s1" name="Consulta CNES" source="C:\Users\lucas\Documents\Repositórios\CNES\Tests\Consulta_CNES.robot">
<test id="s1-t1" name="Deve ser capaz de carregar a página de consulta" line="17">
<kw name="Set Selenium Speed" library="SeleniumLibrary">
<arg>.2s</arg>
<doc>Sets the delay that is waited after each Selenium command.</doc>
<status status="PASS" starttime="20230520 22:29:54.906" endtime="20230520 22:29:54.907"/>
</kw>
<kw name="Set Selenium Timeout" library="SeleniumLibrary">
<arg>10s</arg>
<doc>Sets the timeout that is used by various keywords.</doc>
<status status="PASS" starttime="20230520 22:29:54.907" endtime="20230520 22:29:54.907"/>
</kw>
<kw name="Log" library="BuiltIn">
<arg>Starting test case</arg>
<doc>Logs the given message with the given level.</doc>
<msg timestamp="20230520 22:29:54.907" level="INFO">Starting test case</msg>
<status status="PASS" starttime="20230520 22:29:54.907" endtime="20230520 22:29:54.907"/>
</kw>
<kw name="Open Browser" library="SeleniumLibrary">
<arg>https://cnes.datasus.gov.br/pages/estabelecimentos/consulta.jsp</arg>
<arg>chrome</arg>
<doc>Opens a new browser instance to the optional ``url``.</doc>
<msg timestamp="20230520 22:29:54.908" level="INFO">Opening browser 'chrome' to base url 'https://cnes.datasus.gov.br/pages/estabelecimentos/consulta.jsp'.</msg>
<status status="PASS" starttime="20230520 22:29:54.907" endtime="20230520 22:29:57.541"/>
</kw>
<kw name="Maximize Browser Window" library="SeleniumLibrary">
<doc>Maximizes current browser window.</doc>
<status status="PASS" starttime="20230520 22:29:57.541" endtime="20230520 22:29:57.870"/>
</kw>
<kw name="Wait Until Page Contains" library="SeleniumLibrary">
<arg>CONSULTA ESTABELECIMENTO - IDENTIFICAÇÃO</arg>
<doc>Waits until ``text`` appears on the current page.</doc>
<status status="PASS" starttime="20230520 22:29:57.871" endtime="20230520 22:29:58.094"/>
</kw>
<kw name="Select From List By Label" library="SeleniumLibrary">
<arg>xpath=/html/body/div[2]/main/div/div[2]/div/form[1]/div[2]/div[1]/div/select</arg>
<arg>PARANA</arg>
<doc>Selects options from selection list ``locator`` by ``labels``.</doc>
<msg timestamp="20230520 22:29:58.097" level="INFO">Selecting options from selection list 'xpath=/html/body/div[2]/main/div/div[2]/div/form[1]/div[2]/div[1]/div/select' by label PARANA.</msg>
<status status="PASS" starttime="20230520 22:29:58.095" endtime="20230520 22:29:59.836"/>
</kw>
<kw name="Select From List By Label" library="SeleniumLibrary">
<arg>xpath=/html/body/div[2]/main/div/div[2]/div/form[1]/div[2]/div[2]/div/select</arg>
<arg>CURITIBA</arg>
<doc>Selects options from selection list ``locator`` by ``labels``.</doc>
<msg timestamp="20230520 22:29:59.836" level="INFO">Selecting options from selection list 'xpath=/html/body/div[2]/main/div/div[2]/div/form[1]/div[2]/div[2]/div/select' by label CURITIBA.</msg>
<status status="PASS" starttime="20230520 22:29:59.836" endtime="20230520 22:30:01.512"/>
</kw>
<kw name="Click Button" library="SeleniumLibrary">
<arg>xpath=/html/body/div[2]/main/div/div[2]/div/form[2]/div/button</arg>
<doc>Clicks the button identified by ``locator``.</doc>
<msg timestamp="20230520 22:30:01.512" level="INFO">Clicking button 'xpath=/html/body/div[2]/main/div/div[2]/div/form[2]/div/button'.</msg>
<status status="PASS" starttime="20230520 22:30:01.512" endtime="20230520 22:30:02.589"/>
</kw>
<kw name="Wait Until Page Contains" library="SeleniumLibrary">
<arg>CNES</arg>
<doc>Waits until ``text`` appears on the current page.</doc>
<status status="PASS" starttime="20230520 22:30:02.589" endtime="20230520 22:30:02.803"/>
</kw>
<kw name="Sleep" library="BuiltIn">
<arg>5s</arg>
<doc>Pauses the test executed for the given time.</doc>
<msg timestamp="20230520 22:30:07.803" level="INFO">Slept 5 seconds</msg>
<status status="PASS" starttime="20230520 22:30:02.803" endtime="20230520 22:30:07.803"/>
</kw>
<kw name="Set Variable" library="BuiltIn">
<arg>${qtd_paginas} get text</arg>
<arg>xpath=/html/body/div[2]/main/div/div[2]/div/div[3]/div/div/div/ul/li[10]/a/span</arg>
<doc>Returns the given values which can then be assigned to a variables.</doc>
<status status="PASS" starttime="20230520 22:30:07.804" endtime="20230520 22:30:07.805"/>
</kw>
<kw name="Log" library="BuiltIn">
<arg>${qtd_paginas}</arg>
<doc>Logs the given message with the given level.</doc>
<msg timestamp="20230520 22:30:07.806" level="INFO">35</msg>
<status status="PASS" starttime="20230520 22:30:07.806" endtime="20230520 22:30:07.807"/>
</kw>
<kw name="Get Text" library="SeleniumLibrary">
<var>${UF}</var>
<arg>xpath=/html/body/div[2]/main/div/div[2]/div/div[3]/table/tbody/tr[1]/td[1]</arg>
<doc>Returns the text value of the element identified by ``locator``.</doc>
<msg timestamp="20230520 22:30:08.264" level="INFO">${UF} = PR</msg>
<status status="PASS" starttime="20230520 22:30:07.808" endtime="20230520 22:30:08.264"/>
</kw>
<kw name="Get Text" library="SeleniumLibrary">
<var>${municipio}</var>
<arg>xpath=/html/body/div[2]/main/div/div[2]/div/div[3]/table/tbody/tr[1]/td[2]</arg>
<doc>Returns the text value of the element identified by ``locator``.</doc>
<msg timestamp="20230520 22:30:08.720" level="INFO">${municipio} = CURITIBA</msg>
<status status="PASS" starttime="20230520 22:30:08.265" endtime="20230520 22:30:08.720"/>
</kw>
<kw name="Get Text" library="SeleniumLibrary">
<var>${cnes}</var>
<arg>xpath=/html/body/div[2]/main/div/div[2]/div/div[3]/table/tbody/tr[1]/td[3]</arg>
<doc>Returns the text value of the element identified by ``locator``.</doc>
<msg timestamp="20230520 22:30:09.167" level="INFO">${cnes} = 2784432</msg>
<status status="PASS" starttime="20230520 22:30:08.721" endtime="20230520 22:30:09.167"/>
</kw>
<kw name="Get Text" library="SeleniumLibrary">
<var>${nome_fantasia}</var>
<arg>xpath=/html/body/div[2]/main/div/div[2]/div/div[3]/table/tbody/tr[1]/td[4]</arg>
<doc>Returns the text value of the element identified by ``locator``.</doc>
<msg timestamp="20230520 22:30:09.612" level="INFO">${nome_fantasia} = 02 REGIONAL DE SAUDE METROPOLITANA</msg>
<status status="PASS" starttime="20230520 22:30:09.168" endtime="20230520 22:30:09.612"/>
</kw>
<kw name="Get Text" library="SeleniumLibrary">
<var>${natureza_juridica}</var>
<arg>xpath=/html/body/div[2]/main/div/div[2]/div/div[3]/table/tbody/tr[1]/td[5]</arg>
<doc>Returns the text value of the element identified by ``locator``.</doc>
<msg timestamp="20230520 22:30:10.067" level="INFO">${natureza_juridica} = ADMINISTRAÇÃO PÚBLICA</msg>
<status status="PASS" starttime="20230520 22:30:09.614" endtime="20230520 22:30:10.067"/>
</kw>
<kw name="Get Text" library="SeleniumLibrary">
<var>${gestao}</var>
<arg>xpath=/html/body/div[2]/main/div/div[2]/div/div[3]/table/tbody/tr[1]/td[6]</arg>
<doc>Returns the text value of the element identified by ``locator``.</doc>
<msg timestamp="20230520 22:30:10.498" level="INFO">${gestao} = E</msg>
<status status="PASS" starttime="20230520 22:30:10.067" endtime="20230520 22:30:10.498"/>
</kw>
<kw name="Get Text" library="SeleniumLibrary">
<var>${atende_SUS}</var>
<arg>xpath=/html/body/div[2]/main/div/div[2]/div/div[3]/table/tbody/tr[1]/td[7]</arg>
<doc>Returns the text value of the element identified by ``locator``.</doc>
<msg timestamp="20230520 22:30:10.918" level="INFO">${atende_SUS} = SIM</msg>
<status status="PASS" starttime="20230520 22:30:10.498" endtime="20230520 22:30:10.918"/>
</kw>
<kw name="Click Link" library="SeleniumLibrary">
<arg>xpath=/html/body/div[2]/main/div/div[2]/div/div[3]/table/tbody/tr[1]/td[8]/a</arg>
<doc>Clicks a link identified by ``locator``.</doc>
<msg timestamp="20230520 22:30:10.918" level="INFO">Clicking link 'xpath=/html/body/div[2]/main/div/div[2]/div/div[3]/table/tbody/tr[1]/td[8]/a'.</msg>
<status status="PASS" starttime="20230520 22:30:10.918" endtime="20230520 22:30:12.499"/>
</kw>
<kw name="Wait Until Page Contains" library="SeleniumLibrary">
<arg>Identificação</arg>
<doc>Waits until ``text`` appears on the current page.</doc>
<status status="PASS" starttime="20230520 22:30:12.500" endtime="20230520 22:30:12.748"/>
</kw>
<kw name="Click Element" library="SeleniumLibrary">
<arg>xpath=//*[@id="estabContent"]/header/nav/div/a/span</arg>
<doc>Click the element identified by ``locator``.</doc>
<msg timestamp="20230520 22:30:12.748" level="INFO">Clicking element 'xpath=//*[@id="estabContent"]/header/nav/div/a/span'.</msg>
<status status="PASS" starttime="20230520 22:30:12.748" endtime="20230520 22:30:13.197"/>
</kw>
<kw name="Wait Until Page Contains" library="SeleniumLibrary">
<arg>Ficha do Estabelecimento</arg>
<doc>Waits until ``text`` appears on the current page.</doc>
<status status="PASS" starttime="20230520 22:30:13.197" endtime="20230520 22:30:13.410"/>
</kw>
<kw name="Select Checkbox" library="SeleniumLibrary">
<arg>xpath=//*[@id="todos"]</arg>
<doc>Selects the checkbox identified by ``locator``.</doc>
<msg timestamp="20230520 22:30:13.412" level="INFO">Selecting checkbox 'xpath=//*[@id="todos"]'.</msg>
<status status="PASS" starttime="20230520 22:30:13.411" endtime="20230520 22:30:14.651"/>
</kw>
<kw name="Click Button" library="SeleniumLibrary">
<arg>xpath=//*[@id="informeModal"]/div/div/div/div[2]/button[1]</arg>
<doc>Clicks the button identified by ``locator``.</doc>
<msg timestamp="20230520 22:30:14.654" level="INFO">Clicking button 'xpath=//*[@id="informeModal"]/div/div/div/div[2]/button[1]'.</msg>
<status status="PASS" starttime="20230520 22:30:14.653" endtime="20230520 22:30:15.789"/>
</kw>
<kw name="Sleep" library="BuiltIn">
<arg>3s</arg>
<doc>Pauses the test executed for the given time.</doc>
<msg timestamp="20230520 22:30:18.791" level="INFO">Slept 3 seconds</msg>
<status status="PASS" starttime="20230520 22:30:15.790" endtime="20230520 22:30:18.791"/>
</kw>
<kw name="Close Browser" library="SeleniumLibrary">
<doc>Closes the current browser.</doc>
<status status="PASS" starttime="20230520 22:30:18.792" endtime="20230520 22:30:21.054"/>
</kw>
<doc>Teste de carregamento da página inicial para consulta dos estabelecimentos</doc>
<tag>1001</tag>
<tag>Carregamento</tag>
<tag>Smoke</tag>
<status status="PASS" starttime="20230520 22:29:54.906" endtime="20230520 22:30:21.056"/>
</test>
<doc>Talk about what this suite of tests does</doc>
<status status="PASS" starttime="20230520 22:29:54.697" endtime="20230520 22:30:21.061"/>
</suite>
<statistics>
<total>
<stat pass="1" fail="0" skip="0">All Tests</stat>
</total>
<tag>
<stat pass="1" fail="0" skip="0">1001</stat>
<stat pass="1" fail="0" skip="0">Carregamento</stat>
<stat pass="1" fail="0" skip="0">Smoke</stat>
</tag>
<suite>
<stat pass="1" fail="0" skip="0" id="s1" name="Consulta CNES">Consulta CNES</stat>
</suite>
</statistics>
<errors>
</errors>
</robot>
