<?xml version="1.0" encoding="UTF-8"?>
<robot generator="Robot 6.0.2 (Python 3.11.1 on win32)" generated="20230521 19:07:51.592" rpa="false" schemaversion="3">
<suite id="s1" name="Consulta CNES" source="C:\Users\lucas\Documents\Repositórios\CNES\Tests\Consulta_CNES.robot">
<kw name="Inicia Teste Web" library="Comum" type="SETUP">
<kw name="Inicializa Selenium" library="Comum">
<kw name="Set Selenium Speed" library="SeleniumLibrary">
<arg>.2s</arg>
<doc>Sets the delay that is waited after each Selenium command.</doc>
<status status="PASS" starttime="20230521 19:07:51.794" endtime="20230521 19:07:51.795"/>
</kw>
<kw name="Set Selenium Timeout" library="SeleniumLibrary">
<arg>10s</arg>
<doc>Sets the timeout that is used by various keywords.</doc>
<status status="PASS" starttime="20230521 19:07:51.795" endtime="20230521 19:07:51.795"/>
</kw>
<status status="PASS" starttime="20230521 19:07:51.794" endtime="20230521 19:07:51.795"/>
</kw>
<kw name="Open Browser" library="SeleniumLibrary">
<arg>about:blank</arg>
<arg>chrome</arg>
<doc>Opens a new browser instance to the optional ``url``.</doc>
<msg timestamp="20230521 19:07:51.795" level="INFO">Opening browser 'chrome' to base url 'about:blank'.</msg>
<status status="PASS" starttime="20230521 19:07:51.795" endtime="20230521 19:07:53.235"/>
</kw>
<kw name="Maximize Browser Window" library="SeleniumLibrary">
<doc>Maximizes current browser window.</doc>
<status status="PASS" starttime="20230521 19:07:53.235" endtime="20230521 19:07:53.571"/>
</kw>
<status status="PASS" starttime="20230521 19:07:51.794" endtime="20230521 19:07:53.571"/>
</kw>
<test id="s1-t1" name="Deve ser capaz de carregar os estabelecimentos presentes na localidade" line="26">
<kw name="Pesquisa Estabelecimentos de Saúde" library="Consulta_CNES_App">
<kw name="Carrega Página" library="Pagina_Consulta">
<kw name="Go To" library="SeleniumLibrary">
<arg>https://cnes.datasus.gov.br/pages/estabelecimentos/consulta.jsp</arg>
<doc>Navigates the current browser window to the provided ``url``.</doc>
<msg timestamp="20230521 19:07:53.572" level="INFO">Opening url 'https://cnes.datasus.gov.br/pages/estabelecimentos/consulta.jsp'</msg>
<status status="PASS" starttime="20230521 19:07:53.572" endtime="20230521 19:07:54.789"/>
</kw>
<status status="PASS" starttime="20230521 19:07:53.572" endtime="20230521 19:07:54.789"/>
</kw>
<kw name="Verifica Carregamento" library="Pagina_Consulta">
<kw name="Wait Until Page Contains" library="SeleniumLibrary">
<arg>CONSULTA ESTABELECIMENTO - IDENTIFICAÇÃO</arg>
<doc>Waits until ``text`` appears on the current page.</doc>
<status status="PASS" starttime="20230521 19:07:54.790" endtime="20230521 19:07:55.032"/>
</kw>
<status status="PASS" starttime="20230521 19:07:54.790" endtime="20230521 19:07:55.032"/>
</kw>
<kw name="Seleciona Estado" library="Pagina_Consulta">
<kw name="Select From List By Label" library="SeleniumLibrary">
<arg>xpath=/html/body/div[2]/main/div/div[2]/div/form[1]/div[2]/div[1]/div/select</arg>
<arg>PARANA</arg>
<doc>Selects options from selection list ``locator`` by ``labels``.</doc>
<msg timestamp="20230521 19:07:55.035" level="INFO">Selecting options from selection list 'xpath=/html/body/div[2]/main/div/div[2]/div/form[1]/div[2]/div[1]/div/select' by label PARANA.</msg>
<status status="PASS" starttime="20230521 19:07:55.033" endtime="20230521 19:07:56.790"/>
</kw>
<status status="PASS" starttime="20230521 19:07:55.033" endtime="20230521 19:07:56.790"/>
</kw>
<kw name="Seleciona Município" library="Pagina_Consulta">
<kw name="Select From List By Label" library="SeleniumLibrary">
<arg>xpath=/html/body/div[2]/main/div/div[2]/div/form[1]/div[2]/div[2]/div/select</arg>
<arg>CURITIBA</arg>
<doc>Selects options from selection list ``locator`` by ``labels``.</doc>
<msg timestamp="20230521 19:07:56.790" level="INFO">Selecting options from selection list 'xpath=/html/body/div[2]/main/div/div[2]/div/form[1]/div[2]/div[2]/div/select' by label CURITIBA.</msg>
<status status="PASS" starttime="20230521 19:07:56.790" endtime="20230521 19:07:58.470"/>
</kw>
<status status="PASS" starttime="20230521 19:07:56.790" endtime="20230521 19:07:58.470"/>
</kw>
<kw name="Pesquisa" library="Pagina_Consulta">
<kw name="Click Button" library="SeleniumLibrary">
<arg>xpath=/html/body/div[2]/main/div/div[2]/div/form[2]/div/button</arg>
<doc>Clicks the button identified by ``locator``.</doc>
<msg timestamp="20230521 19:07:58.470" level="INFO">Clicking button 'xpath=/html/body/div[2]/main/div/div[2]/div/form[2]/div/button'.</msg>
<status status="PASS" starttime="20230521 19:07:58.470" endtime="20230521 19:07:59.542"/>
</kw>
<status status="PASS" starttime="20230521 19:07:58.470" endtime="20230521 19:07:59.542"/>
</kw>
<kw name="Verifica Carregamento Dos Resultados" library="Pagina_Consulta">
<kw name="Wait Until Page Contains Element" library="SeleniumLibrary">
<arg>xpath=/html/body/div[2]/main/div/div[2]/div/div[3]/table/tbody/tr[1]/td[8]/a</arg>
<doc>Waits until the element ``locator`` appears on the current page.</doc>
<status status="PASS" starttime="20230521 19:07:59.542" endtime="20230521 19:08:03.460"/>
</kw>
<status status="PASS" starttime="20230521 19:07:59.542" endtime="20230521 19:08:03.460"/>
</kw>
<status status="PASS" starttime="20230521 19:07:53.572" endtime="20230521 19:08:03.461"/>
</kw>
<kw name="Set Variable" library="BuiltIn">
<arg>${qtd_paginas} get text</arg>
<arg>xpath=/html/body/div[2]/main/div/div[2]/div/div[3]/div/div/div/ul/li[10]/a/span</arg>
<doc>Returns the given values which can then be assigned to a variables.</doc>
<status status="PASS" starttime="20230521 19:08:03.462" endtime="20230521 19:08:03.463"/>
</kw>
<kw name="Log" library="BuiltIn">
<arg>${QTD_PAGINAS}</arg>
<doc>Logs the given message with the given level.</doc>
<msg timestamp="20230521 19:08:03.464" level="INFO">0</msg>
<status status="PASS" starttime="20230521 19:08:03.464" endtime="20230521 19:08:03.465"/>
</kw>
<kw name="Get Text" library="SeleniumLibrary">
<var>${UF}</var>
<arg>xpath=/html/body/div[2]/main/div/div[2]/div/div[3]/table/tbody/tr[1]/td[1]</arg>
<doc>Returns the text value of the element identified by ``locator``.</doc>
<msg timestamp="20230521 19:08:03.907" level="INFO">${UF} = PR</msg>
<status status="PASS" starttime="20230521 19:08:03.466" endtime="20230521 19:08:03.907"/>
</kw>
<kw name="Get Text" library="SeleniumLibrary">
<var>${MUNICIPIO}</var>
<arg>xpath=/html/body/div[2]/main/div/div[2]/div/div[3]/table/tbody/tr[1]/td[2]</arg>
<doc>Returns the text value of the element identified by ``locator``.</doc>
<msg timestamp="20230521 19:08:04.365" level="INFO">${MUNICIPIO} = CURITIBA</msg>
<status status="PASS" starttime="20230521 19:08:03.908" endtime="20230521 19:08:04.365"/>
</kw>
<kw name="Get Text" library="SeleniumLibrary">
<var>${CNES}</var>
<arg>xpath=/html/body/div[2]/main/div/div[2]/div/div[3]/table/tbody/tr[1]/td[3]</arg>
<doc>Returns the text value of the element identified by ``locator``.</doc>
<msg timestamp="20230521 19:08:04.800" level="INFO">${CNES} = 2784432</msg>
<status status="PASS" starttime="20230521 19:08:04.366" endtime="20230521 19:08:04.800"/>
</kw>
<kw name="Get Text" library="SeleniumLibrary">
<var>${NOME_FANTASIA}</var>
<arg>xpath=/html/body/div[2]/main/div/div[2]/div/div[3]/table/tbody/tr[1]/td[4]</arg>
<doc>Returns the text value of the element identified by ``locator``.</doc>
<msg timestamp="20230521 19:08:05.247" level="INFO">${NOME_FANTASIA} = 02 REGIONAL DE SAUDE METROPOLITANA</msg>
<status status="PASS" starttime="20230521 19:08:04.801" endtime="20230521 19:08:05.247"/>
</kw>
<kw name="Get Text" library="SeleniumLibrary">
<var>${NATUREZA_JURIDICA}</var>
<arg>xpath=/html/body/div[2]/main/div/div[2]/div/div[3]/table/tbody/tr[1]/td[5]</arg>
<doc>Returns the text value of the element identified by ``locator``.</doc>
<msg timestamp="20230521 19:08:05.703" level="INFO">${NATUREZA_JURIDICA} = ADMINISTRAÇÃO PÚBLICA</msg>
<status status="PASS" starttime="20230521 19:08:05.248" endtime="20230521 19:08:05.703"/>
</kw>
<kw name="Get Text" library="SeleniumLibrary">
<var>${GESTAO}</var>
<arg>xpath=/html/body/div[2]/main/div/div[2]/div/div[3]/table/tbody/tr[1]/td[6]</arg>
<doc>Returns the text value of the element identified by ``locator``.</doc>
<msg timestamp="20230521 19:08:06.160" level="INFO">${GESTAO} = E</msg>
<status status="PASS" starttime="20230521 19:08:05.704" endtime="20230521 19:08:06.160"/>
</kw>
<kw name="Get Text" library="SeleniumLibrary">
<var>${ATENDE_SUS}</var>
<arg>xpath=/html/body/div[2]/main/div/div[2]/div/div[3]/table/tbody/tr[1]/td[7]</arg>
<doc>Returns the text value of the element identified by ``locator``.</doc>
<msg timestamp="20230521 19:08:06.603" level="INFO">${ATENDE_SUS} = SIM</msg>
<status status="PASS" starttime="20230521 19:08:06.162" endtime="20230521 19:08:06.603"/>
</kw>
<kw name="Click Link" library="SeleniumLibrary">
<arg>xpath=/html/body/div[2]/main/div/div[2]/div/div[3]/table/tbody/tr[1]/td[8]/a</arg>
<doc>Clicks a link identified by ``locator``.</doc>
<msg timestamp="20230521 19:08:06.606" level="INFO">Clicking link 'xpath=/html/body/div[2]/main/div/div[2]/div/div[3]/table/tbody/tr[1]/td[8]/a'.</msg>
<status status="PASS" starttime="20230521 19:08:06.604" endtime="20230521 19:08:08.211"/>
</kw>
<kw name="Wait Until Page Contains" library="SeleniumLibrary">
<arg>Identificação</arg>
<doc>Waits until ``text`` appears on the current page.</doc>
<status status="PASS" starttime="20230521 19:08:08.211" endtime="20230521 19:08:08.424"/>
</kw>
<kw name="Click Element" library="SeleniumLibrary">
<arg>xpath=//*[@id="estabContent"]/header/nav/div/a/span</arg>
<doc>Click the element identified by ``locator``.</doc>
<msg timestamp="20230521 19:08:08.426" level="INFO">Clicking element 'xpath=//*[@id="estabContent"]/header/nav/div/a/span'.</msg>
<status status="PASS" starttime="20230521 19:08:08.425" endtime="20230521 19:08:08.901"/>
</kw>
<kw name="Wait Until Page Contains" library="SeleniumLibrary">
<arg>Ficha do Estabelecimento</arg>
<doc>Waits until ``text`` appears on the current page.</doc>
<status status="PASS" starttime="20230521 19:08:08.902" endtime="20230521 19:08:09.118"/>
</kw>
<kw name="Select Checkbox" library="SeleniumLibrary">
<arg>xpath=//*[@id="todos"]</arg>
<doc>Selects the checkbox identified by ``locator``.</doc>
<msg timestamp="20230521 19:08:09.118" level="INFO">Selecting checkbox 'xpath=//*[@id="todos"]'.</msg>
<status status="PASS" starttime="20230521 19:08:09.118" endtime="20230521 19:08:10.285"/>
</kw>
<kw name="Click Button" library="SeleniumLibrary">
<arg>xpath=//*[@id="informeModal"]/div/div/div/div[2]/button[1]</arg>
<doc>Clicks the button identified by ``locator``.</doc>
<msg timestamp="20230521 19:08:10.287" level="INFO">Clicking button 'xpath=//*[@id="informeModal"]/div/div/div/div[2]/button[1]'.</msg>
<status status="PASS" starttime="20230521 19:08:10.286" endtime="20230521 19:08:11.439"/>
</kw>
<kw name="Click Button" library="SeleniumLibrary">
<arg>xpath=//*[@id="informeModal"]/div/div/div/div[2]/button[2]</arg>
<doc>Clicks the button identified by ``locator``.</doc>
<msg timestamp="20230521 19:08:11.441" level="INFO">Clicking button 'xpath=//*[@id="informeModal"]/div/div/div/div[2]/button[2]'.</msg>
<status status="PASS" starttime="20230521 19:08:11.440" endtime="20230521 19:08:12.528"/>
</kw>
<kw name="Sleep" library="BuiltIn">
<arg>3s</arg>
<doc>Pauses the test executed for the given time.</doc>
<msg timestamp="20230521 19:08:15.530" level="INFO">Slept 3 seconds</msg>
<status status="PASS" starttime="20230521 19:08:12.530" endtime="20230521 19:08:15.530"/>
</kw>
<doc>Teste de carregamento da página inicial para consulta dos estabelecimentos</doc>
<tag>1001</tag>
<tag>Carregamento</tag>
<tag>Smoke</tag>
<status status="PASS" starttime="20230521 19:07:53.571" endtime="20230521 19:08:15.531"/>
</test>
<kw name="Fecha browser" library="Comum" type="TEARDOWN">
<kw name="Close Browser" library="SeleniumLibrary">
<doc>Closes the current browser.</doc>
<status status="PASS" starttime="20230521 19:08:15.536" endtime="20230521 19:08:17.799"/>
</kw>
<status status="PASS" starttime="20230521 19:08:15.535" endtime="20230521 19:08:17.800"/>
</kw>
<doc>Essa suite de testes consulta e extrai dados dos estabelecimentos de saúde de um dado município</doc>
<status status="PASS" starttime="20230521 19:07:51.593" endtime="20230521 19:08:17.800"/>
</suite>
<statistics>
<total>
<stat pass="1" fail="0" skip="0">All Tests</stat>
</total>
<tag>
<stat pass="1" fail="0" skip="0">1001</stat>
<stat pass="1" fail="0" skip="0">Carregamento</stat>
<stat pass="1" fail="0" skip="0">Smoke</stat>
</tag>
<suite>
<stat pass="1" fail="0" skip="0" id="s1" name="Consulta CNES">Consulta CNES</stat>
</suite>
</statistics>
<errors>
</errors>
</robot>
